[    0.000000] Linux version 4.15.0-55-generic (buildd@lcy01-amd64-029) (gcc version 7.4.0 (Ubuntu 7.4.0-1ubuntu1~18.04.1)) #60-Ubuntu SMP Tue Jul 2 18:22:20 UTC 2019 (Ubuntu 4.15.0-55.60-generic 4.15.18)
[    0.000000] Command line: BOOT_IMAGE=/boot/vmlinuz-4.15.0-55-generic root=LABEL=cloudimg-rootfs ro console=tty1 console=ttyS0
[    0.000000] KERNEL supported cpus:
[    0.000000]   Intel GenuineIntel
[    0.000000]   AMD AuthenticAMD
[    0.000000]   Centaur CentaurHauls
[    0.000000] x86/fpu: Supporting XSAVE feature 0x001: 'x87 floating point registers'
[    0.000000] x86/fpu: Supporting XSAVE feature 0x002: 'SSE registers'
[    0.000000] x86/fpu: Supporting XSAVE feature 0x004: 'AVX registers'
[    0.000000] x86/fpu: xstate_offset[2]:  576, xstate_sizes[2]:  256
[    0.000000] x86/fpu: Enabled xstate features 0x7, context size is 832 bytes, using 'standard' format.
[    0.000000] e820: BIOS-provided physical RAM map:
[    0.000000] BIOS-e820: [mem 0x0000000000000000-0x000000000009fbff] usable
[    0.000000] BIOS-e820: [mem 0x000000000009fc00-0x000000000009ffff] reserved
[    0.000000] BIOS-e820: [mem 0x00000000000f0000-0x00000000000fffff] reserved
[    0.000000] BIOS-e820: [mem 0x0000000000100000-0x00000000dffeffff] usable
[    0.000000] BIOS-e820: [mem 0x00000000dfff0000-0x00000000dfffffff] ACPI data
[    0.000000] BIOS-e820: [mem 0x00000000fec00000-0x00000000fec00fff] reserved
[    0.000000] BIOS-e820: [mem 0x00000000fee00000-0x00000000fee00fff] reserved
[    0.000000] BIOS-e820: [mem 0x00000000fffc0000-0x00000000ffffffff] reserved
[    0.000000] BIOS-e820: [mem 0x0000000100000000-0x000000031d7fffff] usable
[    0.000000] NX (Execute Disable) protection: active
[    0.000000] SMBIOS 2.5 present.
[    0.000000] DMI: innotek GmbH VirtualBox/VirtualBox, BIOS VirtualBox 12/01/2006
[    0.000000] Hypervisor detected: KVM
[    0.000000] e820: last_pfn = 0x31d800 max_arch_pfn = 0x400000000
[    0.000000] MTRR: Disabled
[    0.000000] x86/PAT: MTRRs disabled, skipping PAT initialization too.
[    0.000000] CPU MTRRs all blank - virtualized system.
[    0.000000] x86/PAT: Configuration [0-7]: WB  WT  UC- UC  WB  WT  UC- UC  
[    0.000000] e820: last_pfn = 0xdfff0 max_arch_pfn = 0x400000000
[    0.000000] found SMP MP-table at [mem 0x0009fff0-0x0009ffff] mapped at [        (ptrval)]
[    0.000000] Scanning 1 areas for low memory corruption
[    0.000000] RAMDISK: [mem 0x35a95000-0x36d41fff]
[    0.000000] ACPI: Early table checksum verification disabled
[    0.000000] ACPI: RSDP 0x00000000000E0000 000024 (v02 VBOX  )
[    0.000000] ACPI: XSDT 0x00000000DFFF0030 00003C (v01 VBOX   VBOXXSDT 00000001 ASL  00000061)
[    0.000000] ACPI: FACP 0x00000000DFFF00F0 0000F4 (v04 VBOX   VBOXFACP 00000001 ASL  00000061)
[    0.000000] ACPI: DSDT 0x00000000DFFF0480 0022EA (v02 VBOX   VBOXBIOS 00000002 INTL 20100528)
[    0.000000] ACPI: FACS 0x00000000DFFF0200 000040
[    0.000000] ACPI: FACS 0x00000000DFFF0200 000040
[    0.000000] ACPI: APIC 0x00000000DFFF0240 00006C (v02 VBOX   VBOXAPIC 00000001 ASL  00000061)
[    0.000000] ACPI: SSDT 0x00000000DFFF02B0 0001CC (v01 VBOX   VBOXCPUT 00000002 INTL 20100528)
[    0.000000] No NUMA configuration found
[    0.000000] Faking a node at [mem 0x0000000000000000-0x000000031d7fffff]
[    0.000000] NODE_DATA(0) allocated [mem 0x31d7ce000-0x31d7f8fff]
[    0.000000] kvm-clock: cpu 0, msr 3:1d74d001, primary cpu clock
[    0.000000] kvm-clock: Using msrs 4b564d01 and 4b564d00
[    0.000000] kvm-clock: using sched offset of 3763096737 cycles
[    0.000000] clocksource: kvm-clock: mask: 0xffffffffffffffff max_cycles: 0x1cd42e4dffb, max_idle_ns: 881590591483 ns
[    0.000000] Zone ranges:
[    0.000000]   DMA      [mem 0x0000000000001000-0x0000000000ffffff]
[    0.000000]   DMA32    [mem 0x0000000001000000-0x00000000ffffffff]
[    0.000000]   Normal   [mem 0x0000000100000000-0x000000031d7fffff]
[    0.000000]   Device   empty
[    0.000000] Movable zone start for each node
[    0.000000] Early memory node ranges
[    0.000000]   node   0: [mem 0x0000000000001000-0x000000000009efff]
[    0.000000]   node   0: [mem 0x0000000000100000-0x00000000dffeffff]
[    0.000000]   node   0: [mem 0x0000000100000000-0x000000031d7fffff]
[    0.000000] Reserved but unavailable: 114 pages
[    0.000000] Initmem setup node 0 [mem 0x0000000000001000-0x000000031d7fffff]
[    0.000000] ACPI: PM-Timer IO Port: 0x4008
[    0.000000] IOAPIC[0]: apic_id 4, version 32, address 0xfec00000, GSI 0-23
[    0.000000] ACPI: INT_SRC_OVR (bus 0 bus_irq 0 global_irq 2 dfl dfl)
[    0.000000] ACPI: INT_SRC_OVR (bus 0 bus_irq 9 global_irq 9 low level)
[    0.000000] Using ACPI (MADT) for SMP configuration information
[    0.000000] smpboot: Allowing 4 CPUs, 0 hotplug CPUs
[    0.000000] PM: Registered nosave memory: [mem 0x00000000-0x00000fff]
[    0.000000] PM: Registered nosave memory: [mem 0x0009f000-0x0009ffff]
[    0.000000] PM: Registered nosave memory: [mem 0x000a0000-0x000effff]
[    0.000000] PM: Registered nosave memory: [mem 0x000f0000-0x000fffff]
[    0.000000] PM: Registered nosave memory: [mem 0xdfff0000-0xdfffffff]
[    0.000000] PM: Registered nosave memory: [mem 0xe0000000-0xfebfffff]
[    0.000000] PM: Registered nosave memory: [mem 0xfec00000-0xfec00fff]
[    0.000000] PM: Registered nosave memory: [mem 0xfec01000-0xfedfffff]
[    0.000000] PM: Registered nosave memory: [mem 0xfee00000-0xfee00fff]
[    0.000000] PM: Registered nosave memory: [mem 0xfee01000-0xfffbffff]
[    0.000000] PM: Registered nosave memory: [mem 0xfffc0000-0xffffffff]
[    0.000000] e820: [mem 0xe0000000-0xfebfffff] available for PCI devices
[    0.000000] Booting paravirtualized kernel on KVM
[    0.000000] clocksource: refined-jiffies: mask: 0xffffffff max_cycles: 0xffffffff, max_idle_ns: 7645519600211568 ns
[    0.000000] random: get_random_bytes called from start_kernel+0x99/0x4fd with crng_init=0
[    0.000000] setup_percpu: NR_CPUS:8192 nr_cpumask_bits:4 nr_cpu_ids:4 nr_node_ids:1
[    0.000000] percpu: Embedded 46 pages/cpu @        (ptrval) s151552 r8192 d28672 u524288
[    0.000000] PV qspinlock hash table entries: 256 (order: 0, 4096 bytes)
[    0.000000] Built 1 zonelists, mobility grouping on.  Total pages: 3086361
[    0.000000] Policy zone: Normal
[    0.000000] Kernel command line: BOOT_IMAGE=/boot/vmlinuz-4.15.0-55-generic root=LABEL=cloudimg-rootfs ro console=tty1 console=ttyS0
[    0.000000] Memory: 12230264K/12541496K available (12300K kernel code, 2473K rwdata, 4276K rodata, 2408K init, 2416K bss, 311232K reserved, 0K cma-reserved)
[    0.000000] SLUB: HWalign=64, Order=0-3, MinObjects=0, CPUs=4, Nodes=1
[    0.000000] Kernel/User page tables isolation: enabled
[    0.000000] ftrace: allocating 39219 entries in 154 pages
[    0.004000] Hierarchical RCU implementation.
[    0.004000] 	RCU restricting CPUs from NR_CPUS=8192 to nr_cpu_ids=4.
[    0.004000] 	Tasks RCU enabled.
[    0.004000] RCU: Adjusting geometry for rcu_fanout_leaf=16, nr_cpu_ids=4
[    0.004000] NR_IRQS: 524544, nr_irqs: 456, preallocated irqs: 16
[    0.004000] Console: colour VGA+ 80x25
[    0.004000] console [tty1] enabled
[    0.004000] console [ttyS0] enabled
[    0.004000] ACPI: Core revision 20170831
[    0.004000] ACPI: 2 ACPI AML tables successfully acquired and loaded
[    0.004000] APIC: Switch to symmetric I/O mode setup
[    0.004000] x2apic enabled
[    0.004000] Switched APIC routing to physical x2apic.
[    0.004000] ..TIMER: vector=0x30 apic1=0 pin1=2 apic2=-1 pin2=-1
[    0.004004] tsc: Detected 2194.918 MHz processor
[    0.005352] Calibrating delay loop (skipped) preset value.. 4389.83 BogoMIPS (lpj=8779672)
[    0.008003] pid_max: default: 32768 minimum: 301
[    0.009134] Security Framework initialized
[    0.010118] Yama: becoming mindful.
[    0.010961] AppArmor: AppArmor initialized
[    0.024153] Dentry cache hash table entries: 2097152 (order: 12, 16777216 bytes)
[    0.034118] Inode-cache hash table entries: 1048576 (order: 11, 8388608 bytes)
[    0.036058] Mount-cache hash table entries: 32768 (order: 6, 262144 bytes)
[    0.037645] Mountpoint-cache hash table entries: 32768 (order: 6, 262144 bytes)
[    0.040225] mce: CPU supports 0 MCE banks
[    0.041233] Last level iTLB entries: 4KB 1024, 2MB 1024, 4MB 1024
[    0.044002] Last level dTLB entries: 4KB 1024, 2MB 1024, 4MB 1024, 1GB 4
[    0.045535] Spectre V2 : Mitigation: Full generic retpoline
[    0.046806] Spectre V2 : Spectre v2 / SpectreRSB mitigation: Filling RSB on context switch
[    0.048002] Speculative Store Bypass: Vulnerable
[    0.049139] MDS: Mitigation: Clear CPU buffers
[    0.050272] Freeing SMP alternatives memory: 36K
[    0.056000] smpboot: CPU0: Intel(R) Core(TM) i7-4770HQ CPU @ 2.20GHz (family: 0x6, model: 0x46, stepping: 0x1)
[    0.056000] Performance Events: unsupported p6 CPU model 70 no PMU driver, software events only.
[    0.056068] Hierarchical SRCU implementation.
[    0.057783] NMI watchdog: Perf event create on CPU 0 failed with -2
[    0.060002] NMI watchdog: Perf NMI watchdog permanently disabled
[    0.061719] smp: Bringing up secondary CPUs ...
[    0.064088] x86: Booting SMP configuration:
[    0.065336] .... node  #0, CPUs:      #1
[    0.004000] kvm-clock: cpu 1, msr 3:1d74d041, secondary cpu clock
[    0.004000] mce: CPU supports 0 MCE banks
[    0.071464]  #2
[    0.004000] kvm-clock: cpu 2, msr 3:1d74d081, secondary cpu clock
[    0.004000] mce: CPU supports 0 MCE banks
[    0.076076]  #3
[    0.004000] kvm-clock: cpu 3, msr 3:1d74d0c1, secondary cpu clock
[    0.004000] mce: CPU supports 0 MCE banks
[    0.080022] smp: Brought up 1 node, 4 CPUs
[    0.081281] smpboot: Max logical packages: 1
[    0.084004] smpboot: Total of 4 processors activated (17559.34 BogoMIPS)
[    0.086248] devtmpfs: initialized
[    0.086248] x86/mm: Memory block size: 128MB
[    0.089987] evm: security.selinux
[    0.090961] evm: security.SMACK64
[    0.091807] evm: security.SMACK64EXEC
[    0.092003] evm: security.SMACK64TRANSMUTE
[    0.092962] evm: security.SMACK64MMAP
[    0.093893] evm: security.apparmor
[    0.094902] evm: security.ima
[    0.096003] evm: security.capability
[    0.097207] clocksource: jiffies: mask: 0xffffffff max_cycles: 0xffffffff, max_idle_ns: 7645041785100000 ns
[    0.100015] futex hash table entries: 1024 (order: 4, 65536 bytes)
[    0.101555] pinctrl core: initialized pinctrl subsystem
[    0.105741] RTC time:  2:37:24, date: 08/25/19
[    0.107384] NET: Registered protocol family 16
[    0.108081] audit: initializing netlink subsys (disabled)
[    0.109576] audit: type=2000 audit(1566700649.674:1): state=initialized audit_enabled=0 res=1
[    0.112008] cpuidle: using governor ladder
[    0.113072] cpuidle: using governor menu
[    0.114137] ACPI: bus type PCI registered
[    0.115218] acpiphp: ACPI Hot Plug PCI Controller Driver version: 0.5
[    0.116135] PCI: Using configuration type 1 for base access
[    0.120209] HugeTLB registered 2.00 MiB page size, pre-allocated 0 pages
[    0.121721] ACPI: Added _OSI(Module Device)
[    0.121721] ACPI: Added _OSI(Processor Device)
[    0.124004] ACPI: Added _OSI(3.0 _SCP Extensions)
[    0.125197] ACPI: Added _OSI(Processor Aggregator Device)
[    0.128012] ACPI: Added _OSI(Linux-Dell-Video)
[    0.129172] ACPI: Added _OSI(Linux-Lenovo-NV-HDMI-Audio)
[    0.130705] ACPI: Added _OSI(Linux-HPI-Hybrid-Graphics)
[    0.132486] ACPI: Executed 1 blocks of module-level executable AML code
[    0.137585] ACPI: Interpreter enabled
[    0.138583] ACPI: (supports S0 S5)
[    0.139460] ACPI: Using IOAPIC for interrupt routing
[    0.140241] PCI: Using host bridge windows from ACPI; if necessary, use "pci=nocrs" and report a bug
[    0.142779] ACPI: Enabled 2 GPEs in block 00 to 07
[    0.153197] ACPI: PCI Root Bridge [PCI0] (domain 0000 [bus 00-ff])
[    0.154887] acpi PNP0A03:00: _OSC: OS supports [ASPM ClockPM Segments MSI]
[    0.156473] acpi PNP0A03:00: _OSC: not requesting OS control; OS requires [ExtendedConfig ASPM ClockPM MSI]
[    0.160014] acpi PNP0A03:00: fail to add MMCONFIG information, can't access extended PCI configuration space under this bridge.
[    0.163729] PCI host bridge to bus 0000:00
[    0.164006] pci_bus 0000:00: root bus resource [io  0x0000-0x0cf7 window]
[    0.165837] pci_bus 0000:00: root bus resource [io  0x0d00-0xffff window]
[    0.168004] pci_bus 0000:00: root bus resource [mem 0x000a0000-0x000bffff window]
[    0.169894] pci_bus 0000:00: root bus resource [mem 0xe0000000-0xfdffffff window]
[    0.172005] pci_bus 0000:00: root bus resource [bus 00-ff]
[    0.178743] pci 0000:00:01.1: legacy IDE quirk: reg 0x10: [io  0x01f0-0x01f7]
[    0.180004] pci 0000:00:01.1: legacy IDE quirk: reg 0x14: [io  0x03f6]
[    0.181610] pci 0000:00:01.1: legacy IDE quirk: reg 0x18: [io  0x0170-0x0177]
[    0.183432] pci 0000:00:01.1: legacy IDE quirk: reg 0x1c: [io  0x0376]
[    0.274076] pci 0000:00:07.0: quirk: [io  0x4000-0x403f] claimed by PIIX4 ACPI
[    0.276021] pci 0000:00:07.0: quirk: [io  0x4100-0x410f] claimed by PIIX4 SMB
[    0.306354] ACPI: PCI Interrupt Link [LNKA] (IRQs 5 9 10 *11)
[    0.308327] ACPI: PCI Interrupt Link [LNKB] (IRQs 5 9 *10 11)
[    0.309927] ACPI: PCI Interrupt Link [LNKC] (IRQs 5 *9 10 11)
[    0.312141] ACPI: PCI Interrupt Link [LNKD] (IRQs 5 9 10 *11)
[    0.313891] SCSI subsystem initialized
[    0.314856] pci 0000:00:02.0: vgaarb: setting as boot VGA device
[    0.314856] pci 0000:00:02.0: vgaarb: VGA device added: decodes=io+mem,owns=io+mem,locks=none
[    0.316008] pci 0000:00:02.0: vgaarb: bridge control possible
[    0.317431] vgaarb: loaded
[    0.318128] ACPI: bus type USB registered
[    0.319427] usbcore: registered new interface driver usbfs
[    0.320012] usbcore: registered new interface driver hub
[    0.321256] usbcore: registered new device driver usb
[    0.322783] EDAC MC: Ver: 3.0.0
[    0.324341] PCI: Using ACPI for IRQ routing
[    0.325585] NetLabel: Initializing
[    0.326778] NetLabel:  domain hash size = 128
[    0.328003] NetLabel:  protocols = UNLABELED CIPSOv4 CALIPSO
[    0.329555] NetLabel:  unlabeled traffic allowed by default
[    0.332187] clocksource: Switched to clocksource kvm-clock
[    0.347422] VFS: Disk quotas dquot_6.6.0
[    0.348663] VFS: Dquot-cache hash table entries: 512 (order 0, 4096 bytes)
[    0.350478] AppArmor: AppArmor Filesystem Enabled
[    0.351742] pnp: PnP ACPI init
[    0.354056] pnp: PnP ACPI: found 3 devices
[    0.370017] clocksource: acpi_pm: mask: 0xffffff max_cycles: 0xffffff, max_idle_ns: 2085701024 ns
[    0.372318] NET: Registered protocol family 2
[    0.373775] TCP established hash table entries: 131072 (order: 8, 1048576 bytes)
[    0.377470] TCP bind hash table entries: 65536 (order: 8, 1048576 bytes)
[    0.379211] TCP: Hash tables configured (established 131072 bind 65536)
[    0.380792] UDP hash table entries: 8192 (order: 6, 262144 bytes)
[    0.382615] UDP-Lite hash table entries: 8192 (order: 6, 262144 bytes)
[    0.384183] NET: Registered protocol family 1
[    0.385538] pci 0000:00:00.0: Limiting direct PCI/PCI transfers
[    0.387051] pci 0000:00:01.0: Activating ISA DMA hang workarounds
[    0.388801] pci 0000:00:02.0: Video device with shadowed ROM at [mem 0x000c0000-0x000dffff]
[    0.391003] Unpacking initramfs...
[    0.668108] Freeing initrd memory: 19124K
[    0.669830] PCI-DMA: Using software bounce buffering for IO (SWIOTLB)
[    0.671434] software IO TLB [mem 0xdbff0000-0xdfff0000] (64MB) mapped at [        (ptrval)-        (ptrval)]
[    0.674406] clocksource: tsc: mask: 0xffffffffffffffff max_cycles: 0x1fa37202099, max_idle_ns: 440795206796 ns
[    0.677014] platform rtc_cmos: registered platform RTC device (no PNP device found)
[    0.678937] Scanning for low memory corruption every 60 seconds
[    0.681056] Initialise system trusted keyrings
[    0.682455] Key type blacklist registered
[    0.683498] workingset: timestamp_bits=36 max_order=22 bucket_order=0
[    0.686056] zbud: loaded
[    0.687264] squashfs: version 4.0 (2009/01/31) Phillip Lougher
[    0.688966] fuse init (API version 7.26)
[    0.696774] Key type asymmetric registered
[    0.698003] Asymmetric key parser 'x509' registered
[    0.699209] Block layer SCSI generic (bsg) driver version 0.4 loaded (major 246)
[    0.701134] io scheduler noop registered
[    0.702443] io scheduler deadline registered
[    0.703716] io scheduler cfq registered (default)
[    0.705846] ACPI: AC Adapter [AC] (on-line)
[    0.706895] input: Power Button as /devices/LNXSYSTM:00/LNXPWRBN:00/input/input0
[    0.708931] ACPI: Power Button [PWRF]
[    0.710126] input: Sleep Button as /devices/LNXSYSTM:00/LNXSLPBN:00/input/input1
[    0.712113] ACPI: Sleep Button [SLPF]
[    0.714804] ACPI: Battery Slot [BAT0] (battery present)
[    0.716321] Serial: 8250/16550 driver, 32 ports, IRQ sharing enabled
8 (irq = 4, base_baud = 115200) is a 16550A
[    1.669296] Linux agpgart interface v0.103
[    1.672593] loop: module loaded
[    1.674189] scsi host0: ata_piix
[    1.675320] scsi host1: ata_piix
[    1.676311] ata1: PATA max UDMA/33 cmd 0x1f0 ctl 0x3f6 bmdma 0xd000 irq 14
[    1.678162] ata2: PATA max UDMA/33 cmd 0x170 ctl 0x376 bmdma 0xd008 irq 15
[    1.679984] libphy: Fixed MDIO Bus: probed
[    1.681099] tun: Universal TUN/TAP device driver, 1.6
[    1.682431] PPP generic driver version 2.4.2
[    1.683608] ehci_hcd: USB 2.0 'Enhanced' Host Controller (EHCI) Driver
[    1.685379] ehci-pci: EHCI PCI platform driver
[    1.686474] ehci-platform: EHCI generic platform driver
[    1.687718] ohci_hcd: USB 1.1 'Open' Host Controller (OHCI) Driver
[    1.689287] ohci-pci: OHCI PCI platform driver
[    1.690579] ohci-platform: OHCI generic platform driver
[    1.691823] uhci_hcd: USB Universal Host Controller Interface driver
[    1.693822] i8042: PNP: PS/2 Controller [PNP0303:PS2K,PNP0f03:PS2M] at 0x60,0x64 irq 1,12
[    1.696347] serio: i8042 KBD port at 0x60,0x64 irq 1
[    1.697918] serio: i8042 AUX port at 0x60,0x64 irq 12
[    1.699385] mousedev: PS/2 mouse device common for all mice
[    1.703327] rtc_cmos rtc_cmos: rtc core: registered rtc_cmos as rtc0
[    1.705187] input: AT Translated Set 2 keyboard as /devices/platform/i8042/serio0/input/input2
[    1.707234] rtc_cmos rtc_cmos: alarms up to one day, 114 bytes nvram
[    1.708961] i2c /dev entries driver
[    1.710019] device-mapper: uevent: version 1.0.3
[    1.711333] device-mapper: ioctl: 4.37.0-ioctl (2017-09-20) initialised: dm-devel@redhat.com
[    1.714117] ledtrig-cpu: registered to indicate activity on CPUs
[    1.716293] NET: Registered protocol family 10
[    1.721790] Segment Routing with IPv6
[    1.722751] NET: Registered protocol family 17
[    1.724071] Key type dns_resolver registered
[    1.725825] RAS: Correctable Errors collector initialized.
[    1.727386] sched_clock: Marking stable (1725769909, 0)->(2291151361, -565381452)
[    1.730278] registered taskstats version 1
[    1.731277] Loading compiled-in X.509 certificates
[    1.734825] Loaded X.509 cert 'Build time autogenerated kernel key: 2ed9c0a78927f1fed24db33f01fd983502d97350'
[    1.737391] zswap: loaded using pool lzo/zbud
[    1.743500] Key type big_key registered
[    1.744850] Key type trusted registered
[    1.748083] Key type encrypted registered
[    1.749333] AppArmor: AppArmor sha1 policy hashing enabled
[    1.750624] ima: No TPM chip found, activating TPM-bypass! (rc=-19)
[    1.752086] ima: Allocated hash algorithm: sha1
[    1.753328] evm: HMAC attrs: 0x1
[    1.754432]   Magic number: 15:680:612
[    1.755375] tty tty: hash matches
[    1.756465] rtc_cmos rtc_cmos: setting system clock to 2019-08-25 02:37:26 UTC (1566700646)
[    1.758615] BIOS EDD facility v0.16 2004-Jun-25, 0 devices found
[    1.760446] EDD information not available.
[    1.843891] Freeing unused kernel image memory: 2408K
[    1.852754] Write protecting the kernel read-only data: 20480k
[    1.855796] Freeing unused kernel image memory: 2008K
[    1.857873] Freeing unused kernel image memory: 1868K
[    1.865363] x86/mm: Checked W+X mappings: passed, no W+X pages found.
[    1.866930] x86/mm: Checking user space page tables
[    1.873358] x86/mm: Checked W+X mappings: passed, no W+X pages found.
Loading, please wait...
starting version 237
[    1.938831] Fusion MPT base driver 3.04.20
[    1.940453] Copyright (c) 1999-2008 LSI Corporation
[    1.949468] Fusion MPT SPI Host driver 3.04.20
[    1.949480] e1000: Intel(R) PRO/1000 Network Driver - version 7.3.21-k8-NAPI
[    1.949480] e1000: Copyright (c) 1999-2006 Intel Corporation.
[    1.962244] AVX2 version of gcm_enc/dec engaged.
[    1.965306] AES CTR mode by8 optimization enabled
[    2.192785] input: ImExPS/2 Generic Explorer Mouse as /devices/platform/i8042/serio1/input/input4
[    2.378082] e1000 0000:00:03.0 eth0: (PCI:33MHz:32-bit) 02:f6:70:42:12:5d
[    2.380170] e1000 0000:00:03.0 eth0: Intel(R) PRO/1000 Network Connection
[    2.383567] mptbase: ioc0: Initiating bringup
[    2.383585] e1000 0000:00:03.0 enp0s3: renamed from eth0
[    2.638533] ioc0: LSI53C1030 A0: Capabilities={Initiator}
[    3.629180] scsi host2: ioc0: LSI53C1030 A0, FwRev=00000000h, Ports=1, MaxQ=256, IRQ=20
[    4.017476] scsi 2:0:0:0: Direct-Access     VBOX     HARDDISK         1.0  PQ: 0 ANSI: 5
[    4.056371] scsi target2:0:0: Beginning Domain Validation
[    4.061356] scsi target2:0:0: Domain Validation skipping write tests
[    4.063254] scsi target2:0:0: Ending Domain Validation
[    4.064947] scsi target2:0:0: asynchronous
[    4.066493] scsi 2:0:1:0: Direct-Access     VBOX     HARDDISK         1.0  PQ: 0 ANSI: 5
[    4.264628] scsi target2:0:1: Beginning Domain Validation
[    4.268558] random: fast init done
[    4.270416] scsi target2:0:1: Domain Validation skipping write tests
[    4.273025] scsi target2:0:1: Ending Domain Validation
[    4.274487] scsi target2:0:1: asynchronous
[    4.279506] random: systemd-udevd: uninitialized urandom read (16 bytes read)
[    4.280192] sd 2:0:0:0: [sda] 41943040 512-byte logical blocks: (21.5 GB/20.0 GiB)
[    4.280330] sd 2:0:0:0: [sda] Write Protect is off
[    4.280575] sd 2:0:0:0: [sda] Incomplete mode parameter data
[    4.280576] sd 2:0:0:0: [sda] Assuming drive cache: write through
[    4.284057] sd 2:0:0:0: Attached scsi generic sg0 type 0
[    4.284320] sd 2:0:1:0: Attached scsi generic sg1 type 0
[    4.286726] sd 2:0:1:0: [sdb] 20480 512-byte logical blocks: (10.5 MB/10.0 MiB)
[    4.286849] sd 2:0:1:0: [sdb] Write Protect is off
[    4.287151] sd 2:0:1:0: [sdb] Incomplete mode parameter data
[    4.287152] sd 2:0:1:0: [sdb] Assuming drive cache: write through
[    4.287501]  sda: sda1
[    4.288801] sd 2:0:0:0: [sda] Attached SCSI disk
[    4.290415] sd 2:0:1:0: [sdb] Attached SCSI disk
[    4.302658] random: systemd-udevd: uninitialized urandom read (16 bytes read)
[    4.304402] random: systemd-udevd: uninitialized urandom read (16 bytes read)
Begin: Loading essential drivers ... [    5.748591] raid6: sse2x1   gen() 10455 MB/s
[    5.796150] raid6: sse2x1   xor()  7409 MB/s
[    5.844513] raid6: sse2x2   gen() 12214 MB/s
[    5.892292] raid6: sse2x2   xor()  7898 MB/s
[    5.940320] raid6: sse2x4   gen() 11938 MB/s
[    5.988639] raid6: sse2x4   xor()  7774 MB/s
[    6.036553] raid6: avx2x1   gen() 19781 MB/s
[    6.084237] raid6: avx2x1   xor() 14040 MB/s
[    6.132424] raid6: avx2x2   gen() 23337 MB/s
[    6.180304] raid6: avx2x2   xor() 14504 MB/s
[    6.228347] raid6: avx2x4   gen() 26114 MB/s
[    6.276306] raid6: avx2x4   xor() 16533 MB/s
[    6.277416] raid6: using algorithm avx2x4 gen() 26114 MB/s
[    6.278811] raid6: .... xor() 16533 MB/s, rmw enabled
[    6.280455] raid6: using avx2x2 recovery algorithm
[    6.282794] xor: automatically using best checksumming function   avx       
[    6.285706] async_tx: api initialized (async)
done.
Begin: Running /scripts/init-premount ... done.
Begin: Mounting root file system ... Begin: Running /scripts/local-top ... done.
Begin: Running /scripts/local-premount ... [    6.331888] Btrfs loaded, crc32c=crc32c-intel
Scanning for Btrfs filesystems
done.
Warning: fsck not present, so skipping root file system
[    6.365066] EXT4-fs (sda1): mounted filesystem with ordered data mode. Opts: (null)
done.
Begin: Running /scripts/local-bottom ... done.
Begin: Running /scripts/init-bottom ... done.
[    6.490033] ip_tables: (C) 2000-2006 Netfilter Core Team
[    6.503392] systemd[1]: systemd 237 running in system mode. (+PAM +AUDIT +SELINUX +IMA +APPARMOR +SMACK +SYSVINIT +UTMP +LIBCRYPTSETUP +GCRYPT +GNUTLS +ACL +XZ +LZ4 +SECCOMP +BLKID +ELFUTILS +KMOD -IDN2 +IDN -PCRE2 default-hierarchy=hybrid)
[    6.508464] systemd[1]: Detected virtualization oracle.
[    6.509694] systemd[1]: Detected architecture x86-64.

Welcome to [1mUbuntu 18.04.3 LTS[0m!

[    6.522193] systemd[1]: Set hostname to <ubuntu>.
[    6.528474] systemd[1]: Initializing machine ID from random generator.
[    6.530035] systemd[1]: Installed transient /etc/machine-id file.
[    6.840424] systemd[1]: Reached target System Time Synchronized.
[[0;32m  OK  [0m] Reached target System Time Synchronized.
[    6.846661] systemd[1]: Created slice User and Session Slice.
[[0;32m  OK  [0m] Created slice User and Session Slice.
[    6.849632] systemd[1]: Reached target User and Group Name Lookups.
[[0;32m  OK  [0m] Reached target User and Group Name Lookups.
[    6.852542] systemd[1]: Started Forward Password Requests to Wall Directory Watch.
[[0;32m  OK  [0m] Started Forward Password Requests to Wall Directory Watch.
[[0;32m  OK  [0m] Created slice System Slice.
[[0;32m  OK  [0m] Listening on Journal Socket (/dev/log).
[[0;32m  OK  [0m] Reached target Slices.
[[0;32m  OK  [0m] Listening on udev Kernel Socket.
[[0;32m  OK  [0m] Listening on Device-mapper event daemon FIFOs.
[[0;32m  OK  [0m] Listening on udev Control Socket.
[[0;32m  OK  [0m] Listening on Journal Audit Socket.
[[0;32m  OK  [0m] Listening on Network Service Netlink Socket.
[[0;32m  OK  [0m] Reached target Swap.
[[0;32m  OK  [0m] Listening on LVM2 poll daemon socket.
[[0;32m  OK  [0m] Set up automount Arbitrary Executab…rmats File System Automount Point.
[[0;32m  OK  [0m] Listening on LVM2 metadata daemon socket.
[[0;32m  OK  [0m] Created slice system-serial\x2dgetty.slice.
[[0;32m  OK  [0m] Listening on /dev/initctl Compatibility Named Pipe.
[[0;32m  OK  [0m] Listening on Syslog Socket.
[[0;32m  OK  [0m] Listening on Journal Socket.
         Starting Uncomplicated firewall...
         Starting Journal Service...
         Starting Create list of required st…ce nodes for the current kernel...
         Starting udev Coldplug all Devices...
         Starting Load Kernel Modules...
         Starting Set the console keyboard layout...
         Starting Monitoring of LVM2 mirrors…ng dmeventd or progress polling...
         Mounting Kernel Debug File System...
[    6.912944] Loading iSCSI transport class v2.0-870.
         Mounting POSIX Message Queue File System...
         Mounting Huge Pages File System...
[    6.922242] iscsi: registered transport (tcp)
         Starting Remount Root and Kernel File Systems...
[[0;32m  OK  [0m] Started Journal Service.
[[0;32m  OK  [0m] Started Uncomplicated firewall.
[[0;32m  OK  [0m] Started Create list of required sta…vice nodes for the current kernel.
[[0;32m  OK  [0m] Started LVM2 metadata daemon.
         Starting Create Static Device Nodes in /dev...
[    7.014035] iscsi: registered transport (iser)
[[0;32m  OK  [0m] Started Load Kernel Modules.
         Mounting FUSE Control File System...
         Starting Apply Kernel Variables...
         Mounting Kernel Configuration File System...
[[0;32m  OK  [0m] Mounted Kernel Debug File System.
[[0;32m  OK  [0m] Mounted POSIX Message Queue File System.
[[0;32m  OK  [0m] Mounted Huge Pages File System.
[[0;32m  OK  [0m] Mounted FUSE Control File System.
[[0;32m  OK  [0m] Mounted Kernel Configuration File System.
[[0;32m  OK  [0m] Started udev Coldplug all Devices.
[[0;32m  OK  [0m] Started Create Static Device Nodes in /dev.
[[0;32m  OK  [0m] Started Remount Root and Kernel File Systems.
         Starting Flush Journal to Persistent Storage...
         Starting udev Kernel Device Manager...
         Starting Load/Save Random Seed...
[[0;32m  OK  [0m] Started Monitoring of LVM2 mirrors,…sing dmeventd or progress polling.
[[0;32m  OK  [0m] Started Apply Kernel Variables.
[[0;32m  OK  [0m] Started Load/Save Random Seed.
[[0;32m  OK  [0m] Started udev Kernel Device Manager.
[[0;32m  OK  [0m] Started Flush Journal to Persistent Storage.
[[0;32m  OK  [0m] Started Set the console keyboard layout.
[[0;32m  OK  [0m] Started Dispatch Password Requests to Console Directory Watch.
[[0;32m  OK  [0m] Reached target Local Encrypted Volumes.
[[0;32m  OK  [0m] Reached target Local File Systems (Pre).
[[0;32m  OK  [0m] Reached target Local File Systems.
         Starting AppArmor initialization...
         Starting Commit a transient machine-id on disk...
         Starting Tell Plymouth To Write Out Runtime Data...
         Starting Set console font and keymap...
         Starting ebtables ruleset management...
         Starting Create Volatile Files and Directories...
[[0;32m  OK  [0m] Started Tell Plymouth To Write Out Runtime Data.
[[0;32m  OK  [0m] Started Set console font and keymap.
[[0;32m  OK  [0m] Started Create Volatile Files and Directories.
         Starting Update UTMP about System Boot/Shutdown...
[[0;32m  OK  [0m] Started Update UTMP about System Boot/Shutdown.
[[0;32m  OK  [0m] Started Commit a transient machine-id on disk.
[[0;32m  OK  [0m] Started ebtables ruleset management.
[[0;32m  OK  [0m] Found device /dev/ttyS0.
[[0;32m  OK  [0m] Listening on Load/Save RF Kill Switch Status /dev/rfkill Watch.
[[0;32m  OK  [0m] Started AppArmor initialization.
         Starting Initial cloud-init job (pre-networking)...
[    8.638640] cloud-init[579]: Cloud-init v. 19.1-1-gbaa47854-0ubuntu1~18.04.1 running 'init-local' at Sun, 25 Aug 2019 02:37:33 +0000. Up 8.29 seconds.
[[0;32m  OK  [0m] Started Initial cloud-init job (pre-networking).
[[0;32m  OK  [0m] Reached target Network (Pre).
         Starting Network Service...
[[0;32m  OK  [0m] Started Network Service.
         Starting Network Name Resolution...
         Starting Wait for Network to be Configured...
[[0;32m  OK  [0m] Started Network Name Resolution.
[[0;32m  OK  [0m] Reached target Network.
[[0;32m  OK  [0m] Reached target Host and Network Name Lookups.
[[0;32m  OK  [0m] Started Wait for Network to be Configured.
         Starting Initial cloud-init job (metadata service crawler)...
[   11.183118] cloud-init[681]: Cloud-init v. 19.1-1-gbaa47854-0ubuntu1~18.04.1 running 'init' at Sun, 25 Aug 2019 02:37:35 +0000. Up 11.05 seconds.
[   11.186708] cloud-init[681]: ci-info: ++++++++++++++++++++++++++++++++++++++Net device info++++++++++++++++++++++++++++++++++++++
[   11.189734] cloud-init[681]: ci-info: +--------+------+----------------------------+---------------+--------+-------------------+
[   11.192223] cloud-init[681]: ci-info: | Device |  Up  |          Address           |      Mask     | Scope  |     Hw-Address    |
[   11.194493] cloud-init[681]: ci-info: +--------+------+----------------------------+---------------+--------+-------------------+
[   11.197108] cloud-init[681]: ci-info: | enp0s3 | True |         10.0.2.15          | 255.255.255.0 | global | 02:f6:70:42:12:5d |
[   11.209095] cloud-init[681]: ci-info: | enp0s3 | True | fe80::f6:70ff:fe42:125d/64 |       .       |  link  | 02:f6:70:42:12:5d |
[   11.212830] cloud-init[681]: ci-info: |   lo   | True |         127.0.0.1          |   255.0.0.0   |  host  |         .         |
[   11.224751] cloud-init[681]: ci-info: |   lo   | True |          ::1/128           |       .       |  host  |         .         |
[   11.240474] cloud-init[681]: ci-info: +--------+------+----------------------------+---------------+--------+-------------------+
[   11.242571] cloud-init[681]: ci-info: ++++++++++++++++++++++++++++Route IPv4 info+++++++++++++++++++++++++++++
[   11.244891] cloud-init[681]: ci-info: +-------+-------------+----------+-----------------+-----------+-------+
[   11.247902] cloud-init[681]: ci-info: | Route | Destination | Gateway  |     Genmask     | Interface | Flags |
[   11.249849] cloud-init[681]: ci-info: +-------+-------------+----------+-----------------+-----------+-------+
[   11.251783] cloud-init[681]: ci-info: |   0   |   0.0.0.0   | 10.0.2.2 |     0.0.0.0     |   enp0s3  |   UG  |
[   11.253483] cloud-init[681]: ci-info: |   1   |   10.0.2.0  | 0.0.0.0  |  255.255.255.0  |   enp0s3  |   U   |
[   11.255462] cloud-init[681]: ci-info: |   2   |   10.0.2.2  | 0.0.0.0  | 255.255.255.255 |   enp0s3  |   UH  |
[   11.257487] cloud-init[681]: ci-info: +-------+-------------+----------+-----------------+-----------+-------+
[   11.259458] cloud-init[681]: ci-info: +++++++++++++++++++Route IPv6 info+++++++++++++++++++
[   11.272605] cloud-init[681]: ci-info: +-------+-------------+---------+-----------+-------+
[   11.273993] cloud-init[681]: ci-info: | Route | Destination | Gateway | Interface | Flags |
[   11.275674] cloud-init[681]: ci-info: +-------+-------------+---------+-----------+-------+
[   11.277492] cloud-init[681]: ci-info: |   1   |  fe80::/64  |    ::   |   enp0s3  |   U   |
[   11.279315] cloud-init[681]: ci-info: |   3   |    local    |    ::   |   enp0s3  |   U   |
[   11.281126] cloud-init[681]: ci-info: |   4   |   ff00::/8  |    ::   |   enp0s3  |   U   |
[   11.282969] cloud-init[681]: ci-info: +-------+-------------+---------+-----------+-------+
[   11.999600] cloud-init[681]: Generating public/private rsa key pair.
[   12.000920] cloud-init[681]: Your identification has been saved in /etc/ssh/ssh_host_rsa_key.
[   12.002743] cloud-init[681]: Your public key has been saved in /etc/ssh/ssh_host_rsa_key.pub.
[   12.004824] cloud-init[681]: The key fingerprint is:
[   12.006024] cloud-init[681]: SHA256:1WpPT0lR/x8Y2HC9r1T6y/WzcmHDMKJIQazBFA7FyAE root@ubuntu-bionic
[   12.007716] cloud-init[681]: The key's randomart image is:
[   12.009012] cloud-init[681]: +---[RSA 2048]----+
[   12.010345] cloud-init[681]: | EooB++.   . .o..|
[   12.011835] cloud-init[681]: |   oo+ o   .=  o.|
[   12.013477] cloud-init[681]: |     .o . ...o. o|
[   12.014848] cloud-init[681]: |     . . . o +ooo|
[   12.028766] cloud-init[681]: |      . S + o.*+o|
[   12.029952] cloud-init[681]: |       . o o oo=+|
[   12.031141] cloud-init[681]: |            ..oo=|
[   12.032369] cloud-init[681]: |             .oo+|
[   12.033558] cloud-init[681]: |              o+=|
[   12.034758] cloud-init[681]: +----[SHA256]-----+
[   12.035902] cloud-init[681]: Generating public/private dsa key pair.
[   12.037716] cloud-init[681]: Your identification has been saved in /etc/ssh/ssh_host_dsa_key.
[   12.039756] cloud-init[681]: Your public key has been saved in /etc/ssh/ssh_host_dsa_key.pub.
[   12.041698] cloud-init[681]: The key fingerprint is:
[   12.042758] cloud-init[681]: SHA256:DkArhaYDuO84Uc+14tg2erBxcPDaFzNug0E+Qu3Rk1Y root@ubuntu-bionic
[   12.045074] cloud-init[681]: The key's randomart image is:
[   12.046882] cloud-init[681]: +---[DSA 1024]----+
[   12.048625] cloud-init[681]: |.  oo. oE        |
[   12.050257] cloud-init[681]: |o =o+.=          |
[   12.051733] cloud-init[681]: |.=.*oo .         |
[   12.052957] cloud-init[681]: |+ +.B.=          |
[   12.054482] cloud-init[681]: | + O *.=S        |
[[0;32m  OK  [0m] Started Initial cloud-init job (metadata service crawler).
[   12.054547] cloud-init[681]: |. = B *o         |
[   12.058329] cloud-init[681]: | + O + ..        |
[[0;32m  OK  [0m] Reached target Network is Online.
[   12.058395] cloud-init[681]: |o + *            |
[   12.063469] cloud-init[681]: | ..+ .           |
         Starting Availability of block devices...
[   12.064972] cloud-init[681]: +----[SHA256]-----+
[   12.080268] cloud-init[681]: Generating public/private ecdsa key pair.
[[0;32m  OK  [0m] Reached target Remote File Systems (Pre).
[[   12.080364] [0;32m  OK  [0m] Reached target Remote File Systems.
cloud-init[681]: Your identification has been saved in /etc/ssh/ssh_host_ecdsa_key.
[[0;32m  OK  [0m] Reached target Cloud-config availability.
[[0;32m  OK  [0m] Reached target System Initialization.
[   12.087615] cloud-init[681]:          Starting Socket activation for snappy daemon.
[Your public key has been saved in /etc/ssh/ssh_host_ecdsa_key.pub.[0;32m  OK  [0m] Started Daily Cleanup of Temporary Directories.
[[0;32m  OK  [0m] Started ACPI Events Check.
[[0;32m  OK  [0m] Listening on D-Bus System Message Bus Socket.
[[0;32m  OK  [0m] Listening on ACPID Listen Socket.
[[0;32m  OK  [0m] Started Daily apt download activities.
[[0;32m  OK  [0m] Started Daily apt upgrade and clean activities.
[[0;32m  OK  [0m] Started Message of the Day.
[[0;32m  OK  [0m] Reached target Paths.

[   12.109944]          Starting LXD - unix socket.
[[0;32m  OK  [0m] Listening on UUID daemon activation socket.
[[0;32m  OK  [0m] Listening on Open-iSCSI iscsid Socket.
[[0;32m  OK  [0m] Started Discard unused blocks once a week.
[[0;32m  OK  [0m] Reached target Timers.
cloud-init[[0;32m  OK  [0m] Started Availability of block devices.
[[0;32m  OK  [0m] [681]: Listening on Socket activation for snappy daemon.The key fingerprint is:

[   12.119573] [[0;32m  OK  [0m] Listening on LXD - unix socket.
[[0;32m  OK  [0m] Reached target Sockets.
[[0;32m  OK  [0m] Reached target Basic System.
cloud-init         Starting System Logging Service...
[681]: SHA256:jOxBmJfbmOmtk/we4P8aHyK1wJW6SDJLZ/0QXvcapHY root@ubuntu-bionic
         Starting Accounts Service...
[   12.125625] cloud-init[681]: The key's randomart image is:
[   12.129282] cloud-init[681]: +---[ECDSA 256]---+
[   12.131901] cloud-init[681]: |                 |
[   12.133955] cloud-init[681]: |     o . .       |
[   12.135388] cloud-init[681]: |    o = + o      |
[   12.136535] cloud-init[681]: |     B & + .     |
[   12.137291] cloud-init[681]: |  + + ^ S E .    |
[   12.138153] cloud-init[681]: | . B = @ o o     |
[   12.139180] cloud-init[681]: |  . ..*.B o      |
[   12.148521] cloud-init[681]: |      ++ = .     |
[[0;32m  OK  [0m] Started Regular background program processing daemon.
[   12.152312] cloud-init[681]: |      .+=oo      |
[   12.169463] cloud-init[681]: +----[SHA256]-----+
[   12.170487]          cloud-initStarting Pollinate to seed the pseudo random number generator...[681]: 
Generating public/private ed25519 key pair.
[   12.173809] cloud-init[681]: Your identification has been saved in /etc/ssh/ssh_host_ed25519_key.
[[0;32m  OK  [0m] Started Deferred execution scheduler.
[   12.173929] cloud-init[681]: Your public key has been saved in /etc/ssh/ssh_host_ed25519_key.pub.
         Starting LXD - container startup/shutdown...
[   12.182200] cloud-init[681]: The key fingerprint is:
         Starting LSB: Record successful boot for GRUB...
[   12.189120] cloud-init[681]: SHA256:kS3DjYxwIFmTFScowq3vKtsXeBpD8qJeUXrquvUNzTA root@ubuntu-bionic         Starting Virtualbox guest utils...

[   12.196134] cloud-init[681]: The key's randomart image is:
[   12.198568] cloud-init[681]: +--[ED25519 256]--+
[   12.200477] cloud-init[681]: |. oo===..        |
[   12.203043] cloud-init[681]: |..ooo+ * =       |
[   12.205791] cloud-init[681]: | ... .. O o      |
[   12.208219] cloud-init[681]: |... o    +       |
[   12.211128] cloud-init[681]: | +.+ E  S        |
[   12.214895] cloud-init[681]: |. =.* =          |
[   12.216858] cloud-init[681]: |...O o o         |
[   12.218385] cloud-init[681]: |o.=.o o          |
[   12.221012] cloud-init[681]: |+*=o . .         |
[   12.223132] cloud-init[681]: +----[SHA256]-----+
[[0;32m  OK  [0m] Started irqbalance daemon.
[[0;32m  OK  [0m] Started D-Bus System Message Bus.
         Starting LSB: automatic crash report generation...
         Starting Login Service...
         Starting Dispatcher daemon for systemd-networkd...
         Starting Permit User Sessions...
         Starting Snappy daemon...
[[0;32m  OK  [0m] Started FUSE filesystem for LXC.
[[0;32m  OK  [0m] Started System Logging Service.
[[0;32m  OK  [0m] Started LXD - container startup/shutdown.
[[0;32m  OK  [0m] Started Permit User Sessions.
[[0;32m  OK  [0m] Started Login Service.
[[0;32m  OK  [0m] Started Unattended Upgrades Shutdown.
         Starting Authorization Manager...
         Starting Terminate Plymouth Boot Screen...
         Starting Hold until boot process finishes up...
[[0;32m  OK  [0m] Started Hold until boot process finishes up.
[[0;32m  OK  [0m] Started Serial Getty on ttyS0.
         Starting Set console scheme...
[[0;32m  OK  [0m] Started Terminate Plymouth Boot Screen.
[[0;32m  OK  [0m] Started LSB: automatic crash report generation.
[[0;32m  OK  [0m] Started Set console scheme.
[[0;32m  OK  [0m] Created slice system-getty.slice.
[[0;32m  OK  [0m] Started Getty on tty1.
[[0;32m  OK  [0m] Reached target Login Prompts.
[[0;32m  OK  [0m] Started Authorization Manager.
[[0;32m  OK  [0m] Started Accounts Service.
[[0;32m  OK  [0m] Started LSB: Record successful boot for GRUB.
[[0;32m  OK  [0m] Started Virtualbox guest utils.
[[0;32m  OK  [0m] Started Dispatcher daemon for systemd-networkd.
[[0;32m  OK  [0m] Started Snappy daemon.
         Starting Wait until snapd is fully seeded...
[[0;32m  OK  [0m] Started Pollinate to seed the pseudo random number generator.
         Starting OpenBSD Secure Shell server...
[[0;32m  OK  [0m] Started OpenBSD Secure Shell server.
[[0;32m  OK  [0m] Created slice User Slice of vagrant.
         Starting User Manager for UID 1000...
[[0;32m  OK  [0m] Started Session 1 of user vagrant.
[[0;32m  OK  [0m] Started User Manager for UID 1000.
[[0;32m  OK  [0m] Started Wait until snapd is fully seeded.
         Starting Apply the settings specified in cloud-config...
[[0;32m  OK  [0m] Reached target Multi-User System.
[[0;32m  OK  [0m] Reached target Graphical Interface.
         Starting Update UTMP about System Runlevel Changes...
[[0;32m  OK  [0m] Started Update UTMP about System Runlevel Changes.
[   16.828669] cloud-init[1374]: Cloud-init v. 19.1-1-gbaa47854-0ubuntu1~18.04.1 running 'modules:config' at Sun, 25 Aug 2019 02:37:41 +0000. Up 16.45 seconds.
[[0;32m  OK  [0m] Started Apply the settings specified in cloud-config.
         Starting Execute cloud user/final scripts...
         Stopping User Manager for UID 1000...
[[0;32m  OK  [0m] Stopped User Manager for UID 1000.
[[0;32m  OK  [0m] Removed slice User Slice of vagrant.
ci-info: no authorized ssh keys fingerprints found for user ubuntu.
<14>Aug 25 02:37:42 ec2: 
<14>Aug 25 02:37:42 ec2: #############################################################
<14>Aug 25 02:37:42 ec2: -----BEGIN SSH HOST KEY FINGERPRINTS-----
<14>Aug 25 02:37:42 ec2: 1024 SHA256:DkArhaYDuO84Uc+14tg2erBxcPDaFzNug0E+Qu3Rk1Y root@ubuntu-bionic (DSA)
<14>Aug 25 02:37:42 ec2: 256 SHA256:jOxBmJfbmOmtk/we4P8aHyK1wJW6SDJLZ/0QXvcapHY root@ubuntu-bionic (ECDSA)
<14>Aug 25 02:37:42 ec2: 256 SHA256:kS3DjYxwIFmTFScowq3vKtsXeBpD8qJeUXrquvUNzTA root@ubuntu-bionic (ED25519)
<14>Aug 25 02:37:42 ec2: 2048 SHA256:1WpPT0lR/x8Y2HC9r1T6y/WzcmHDMKJIQazBFA7FyAE root@ubuntu-bionic (RSA)
<14>Aug 25 02:37:42 ec2: -----END SSH HOST KEY FINGERPRINTS-----
<14>Aug 25 02:37:42 ec2: #############################################################
-----BEGIN SSH HOST KEY KEYS-----
ecdsa-sha2-nistp256 AAAAE2VjZHNhLXNoYTItbmlzdHAyNTYAAAAIbmlzdHAyNTYAAABBBOhYWuK/yLVrRloS9Y5YADtRDphxeLHnnSUily7WkRdh5ldNN2pJUCTo/s2Frx4TtssHZB8JF4ecjQxTLXnijhE= root@ubuntu-bionic
ssh-ed25519 AAAAC3NzaC1lZDI1NTE5AAAAIGfGUAXgnc3p+uH1gbc66FC4goR5wA6Rtpusuo3BDRdv root@ubuntu-bionic
ssh-rsa AAAAB3NzaC1yc2EAAAADAQABAAABAQC3dem/ysbj1iFQQa7UNcdV4PQxlWX08i0XaWGARYk4BDvWD4u0XPT7ul+CM7NiM4xqMRYqOfdKjjvT5A3qDiBO501Ob44NAogyjWrkUAesKMlx7Q2+lJo6Xs3MZi9QfdwCVHNZOI6FwPgdCGol2aP47ondhnt+bEMOv5i6LRLXcXpsx9RX2Sehiethsrw9BmxskKp2KRQfYd5F12ZjuupaC5KpIBUqiFHXwvTquMYUikyh+ijRnVAly4ojFY8XiwAedAh98qH6NCborwW7Kxp8FjVNussZaqJ6TXR2FDrbNEy5Qk42bWeUibDAuBQ/BadEMrMQa0FHnOZAmBMxRmZ1 root@ubuntu-bionic
-----END SSH HOST KEY KEYS-----
[   17.425970] cloud-init[1592]: Cloud-init v. 19.1-1-gbaa47854-0ubuntu1~18.04.1 running 'modules:final' at Sun, 25 Aug 2019 02:37:41 +0000. Up 17.23 seconds.
[   17.436791] cloud-init[1592]: ci-info: no authorized ssh keys fingerprints found for user ubuntu.
[[0;32m  OK  [0m] Created slice User Slice of vagrant.
[   17.448741] cloud-init[1592]: Cloud-init v. 19.1-1-gbaa47854-0ubuntu1~18.04.1 finished at Sun, 25 Aug 2019 02:37:42 +0000. Datasource DataSourceNoCloud [seed=/dev/sdb][dsmode=net].  Up 17.41 seconds
         Starting User Manager for UID 1000...
[[0;32m  OK  [0m] Started Execute cloud user/final scripts.
[[0;32m  OK  [0m] Started Session 3 of user vagrant.
[[0;32m  OK  [0m] Reached target Cloud-init target.
[[0;32m  OK  [0m] Started User Manager for UID 1000.

Ubuntu 18.04.3 LTS ubuntu-bionic ttyS0

ubuntu-bionic login: 